[debug] [2017-09-17T12:10:14.498Z] ----------------------------------------------------------------------
[debug] [2017-09-17T12:10:14.500Z] Command:       /usr/local/bin/node /usr/local/bin/firebase deploy
[debug] [2017-09-17T12:10:14.501Z] CLI Version:   3.10.0
[debug] [2017-09-17T12:10:14.501Z] Platform:      darwin
[debug] [2017-09-17T12:10:14.501Z] Node Version:  v7.8.0
[debug] [2017-09-17T12:10:14.502Z] Time:          Sun Sep 17 2017 14:10:14 GMT+0200 (CEST)
[debug] [2017-09-17T12:10:14.503Z] ----------------------------------------------------------------------
[debug] 
[debug] [2017-09-17T12:10:14.518Z] > command requires scopes: ["email","openid","https://www.googleapis.com/auth/cloudplatformprojects.readonly","https://www.googleapis.com/auth/firebase","https://www.googleapis.com/auth/cloud-platform"]
[debug] [2017-09-17T12:10:14.518Z] > authorizing via signed-in user
[debug] [2017-09-17T12:10:14.520Z] > refreshing access token with scopes: ["email","https://www.googleapis.com/auth/cloud-platform","https://www.googleapis.com/auth/cloudplatformprojects.readonly","https://www.googleapis.com/auth/firebase","openid"]
[debug] [2017-09-17T12:10:14.520Z] >>> HTTP REQUEST POST https://www.googleapis.com/oauth2/v3/token { refresh_token: '1/EdxMjnpHFa_QGHopZY40rfMyatA_iEmDDcwei3B4keM',
  client_id: '563584335869-fgrhgmd47bqnekij5i8b5pr03ho849e6.apps.googleusercontent.com',
  client_secret: 'j9iVZfS8kkCEFUPaAeJV0sAi',
  grant_type: 'refresh_token',
  scope: 'email https://www.googleapis.com/auth/cloud-platform https://www.googleapis.com/auth/cloudplatformprojects.readonly https://www.googleapis.com/auth/firebase openid' } 
 Sun Sep 17 2017 14:10:14 GMT+0200 (CEST)
[debug] [2017-09-17T12:10:14.709Z] <<< HTTP RESPONSE 200
[debug] [2017-09-17T12:10:14.727Z] >>> HTTP REQUEST GET https://admin.firebase.com/v1/projects/core-997e2  
 Sun Sep 17 2017 14:10:14 GMT+0200 (CEST)
[debug] [2017-09-17T12:10:15.569Z] <<< HTTP RESPONSE 200
[debug] [2017-09-17T12:10:15.570Z] >>> HTTP REQUEST GET https://admin.firebase.com/v1/database/core-997e2/tokens  
 Sun Sep 17 2017 14:10:15 GMT+0200 (CEST)
[debug] [2017-09-17T12:10:16.182Z] <<< HTTP RESPONSE 200
[info] 
[info] === Deploying to 'core-997e2'...
[info] 
[info] i  deploying database, hosting
[info] ✔  database: rules ready to deploy.
[info] i  hosting: preparing dist directory for upload...
[debug] [2017-09-17T12:10:18.015Z] >>> HTTP REQUEST PUT https://deploy.firebase.com/v1/hosting/core-997e2/uploads/-KuEjl2I0ZXr7sTzqoLh?fileCount=12&message=  
 Sun Sep 17 2017 14:10:18 GMT+0200 (CEST)
[debug] [2017-09-17T12:10:48.811Z] <<< HTTP RESPONSE 200
[debug] [2017-09-17T12:10:48.811Z] [hosting] .tgz uploaded successfully, waiting for extraction
